SF:lib/database/database_helper.dart
DA:5,1
DA:8,1
DA:13,0
DA:15,0
DA:17,0
DA:21,0
DA:22,0
DA:23,0
DA:25,0
DA:28,0
DA:29,0
DA:42,0
DA:43,0
DA:44,0
DA:45,0
DA:47,0
LF:16
LH:2
end_of_record
SF:lib/models/blog_post.dart
DA:9,1
DA:18,1
DA:19,1
DA:20,1
DA:21,1
DA:22,1
DA:23,1
DA:24,1
DA:25,1
DA:29,1
DA:30,1
DA:31,1
DA:32,1
DA:33,1
DA:34,1
DA:35,1
DA:36,2
DA:40,0
DA:41,0
DA:42,0
DA:43,0
DA:44,0
DA:45,0
LF:23
LH:17
end_of_record
SF:lib/repositories/blog_repository.dart
DA:7,1
DA:8,2
DA:9,2
DA:19,1
DA:20,2
DA:21,1
DA:25,1
DA:26,2
DA:27,1
DA:30,1
DA:35,1
DA:36,2
DA:38,1
DA:41,1
DA:44,1
DA:45,2
DA:47,1
DA:52,1
DA:53,2
DA:55,1
DA:57,1
DA:59,2
DA:64,1
DA:65,2
DA:67,1
DA:70,4
DA:75,1
DA:76,2
DA:78,1
DA:80,1
DA:82,1
DA:87,1
DA:88,2
DA:90,1
DA:93,1
LF:35
LH:35
end_of_record
